\BOOKMARK [0][-]{chapter.1}{Preface}{}% 1
\BOOKMARK [1][-]{section.1.1}{Abstract}{chapter.1}% 2
\BOOKMARK [1][-]{section.1.2}{Changes Since Version 2.0}{chapter.1}% 3
\BOOKMARK [1][-]{section.1.3}{Introduction}{chapter.1}% 4
\BOOKMARK [1][-]{section.1.4}{Contributors}{chapter.1}% 5
\BOOKMARK [1][-]{section.1.5}{Citation}{chapter.1}% 6
\BOOKMARK [1][-]{section.1.6}{Support}{chapter.1}% 7
\BOOKMARK [0][-]{chapter.2}{Computational Approach}{}% 8
\BOOKMARK [1][-]{section.2.1}{The Finite Element Method}{chapter.2}% 9
\BOOKMARK [2][-]{subsection.2.1.1}{The Strong Form}{section.2.1}% 10
\BOOKMARK [2][-]{subsection.2.1.2}{The Weak Form}{section.2.1}% 11
\BOOKMARK [2][-]{subsection.2.1.3}{Galerkin's Approximation}{section.2.1}% 12
\BOOKMARK [2][-]{subsection.2.1.4}{Shape Functions}{section.2.1}% 13
\BOOKMARK [3][-]{subsubsection.2.1.4.1}{Gauss Quadrature}{subsection.2.1.4}% 14
\BOOKMARK [2][-]{subsection.2.1.5}{The Element Point of View}{section.2.1}% 15
\BOOKMARK [2][-]{subsection.2.1.6}{Bousinessq Equations}{section.2.1}% 16
\BOOKMARK [0][-]{chapter.3}{Incompressible and Compressible Equations}{}% 17
\BOOKMARK [1][-]{section.3.1}{Equations under the Anelastic Liquid Approximation \(ALA\)}{chapter.3}% 18
\BOOKMARK [2][-]{subsection.3.1.1}{Equations under the Truncated Anelastic Liquid Approximation \(TALA\)}{section.3.1}% 19
\BOOKMARK [1][-]{section.3.2}{Equations under the Extended Bousinessq Approximation \(EBA\)}{chapter.3}% 20
\BOOKMARK [1][-]{section.3.3}{Equations under the Bousinessq Approximation \(BA\)}{chapter.3}% 21
\BOOKMARK [0][-]{chapter.4}{Implementation}{}% 22
\BOOKMARK [1][-]{section.4.1}{Introduction}{chapter.4}% 23
\BOOKMARK [1][-]{section.4.2}{Material Properties}{chapter.4}% 24
\BOOKMARK [2][-]{subsection.4.2.1}{Buoyancy}{section.4.2}% 25
\BOOKMARK [2][-]{subsection.4.2.2}{Rheology}{section.4.2}% 26
\BOOKMARK [2][-]{subsection.4.2.3}{Internal Heating}{section.4.2}% 27
\BOOKMARK [0][-]{chapter.5}{Installation}{}% 28
\BOOKMARK [1][-]{section.5.1}{Building from Source}{chapter.5}% 29
\BOOKMARK [2][-]{subsection.5.1.1}{System Requirements}{section.5.1}% 30
\BOOKMARK [2][-]{subsection.5.1.2}{Dependencies}{section.5.1}% 31
\BOOKMARK [2][-]{subsection.5.1.3}{Downloading and Unpacking the ConMan Code}{section.5.1}% 32
\BOOKMARK [2][-]{subsection.5.1.4}{Compiling and Running ConMan}{section.5.1}% 33
\BOOKMARK [1][-]{section.5.2}{Support}{chapter.5}% 34
\BOOKMARK [0][-]{chapter.6}{Input Guide}{}% 35
\BOOKMARK [1][-]{section.6.1}{General Input File}{chapter.6}% 36
\BOOKMARK [1][-]{section.6.2}{Geometry Input File}{chapter.6}% 37
\BOOKMARK [0][-]{chapter.7}{Sample Input Files }{}% 38
\BOOKMARK [0][-]{chapter.8}{Output Guide}{}% 39
\BOOKMARK [1][-]{section.8.1}{The Output Files}{chapter.8}% 40
\BOOKMARK [0][-]{chapter.9}{The Benchmark Cases}{}% 41
\BOOKMARK [1][-]{section.9.1}{Cookbook 1: Blankenbach Benchmark Cases}{chapter.9}% 42
\BOOKMARK [1][-]{section.9.2}{Cookbook 2: Constant Viscosity Driven Slab Problems from van Keken et al. [2008]}{chapter.9}% 43
\BOOKMARK [1][-]{section.9.3}{Cookbook 3: Compressible Benchmark Cases from King et al. [2010]}{chapter.9}% 44
\BOOKMARK [2][-]{subsection.9.3.1}{Boundary Conditions for Compressible Convection}{section.9.3}% 45
\BOOKMARK [0][-]{appendix.A}{License }{}% 46
